AppTools/proguard/mapping.txt
android.support.v4.view.ViewPager$Decor -> android.support.v4.view.bw:
android.support.v4.view.ViewPager$ItemInfo -> android.support.v4.view.bx:
    java.lang.Object object -> a
    int position -> b
    boolean scrolling -> c
    float widthFactor -> d
    float offset -> e
android.support.v4.view.ViewPager$LayoutParams -> android.support.v4.view.ViewPager$LayoutParams:
    boolean isDecor -> a
    int gravity -> b
    float widthFactor -> c
    boolean needsMeasure -> d
    int position -> e
    int childIndex -> f
android.support.v4.view.ViewPager$MyAccessibilityDelegate -> android.support.v4.view.by:
    android.support.v4.view.ViewPager this$0 -> b
    2750:2760:void onInitializeAccessibilityEvent(android.view.View,android.view.accessibility.AccessibilityEvent) -> d
    2764:2773:void onInitializeAccessibilityNodeInfo(android.view.View,android.support.v4.view.accessibility.AccessibilityNodeInfoCompat) -> a
    2777:2794:boolean performAccessibilityAction(android.view.View,int,android.os.Bundle) -> a
    2798:2798:boolean canScroll() -> b
android.support.v4.view.ViewPager$OnAdapterChangeListener -> android.support.v4.view.bz:
    void onAdapterChanged(android.support.v4.view.PagerAdapter,android.support.v4.view.PagerAdapter) -> a
android.support.v4.view.ViewPager$OnPageChangeListener -> android.support.v4.view.ca:
    void onPageScrolled(int,float,int) -> a
    void onPageSelected(int) -> a
    void onPageScrollStateChanged(int) -> b
android.support.v4.view.ViewPager$PageTransformer -> android.support.v4.view.cb:
    void transformPage(android.view.View,float) -> a
android.support.v4.view.ViewPager$PagerObserver -> android.support.v4.view.cc:
    android.support.v4.view.ViewPager this$0 -> a
    2805:2806:void onChanged() -> onChanged
    2809:2810:void onInvalidated() -> onInvalidated
android.support.v4.view.ViewPager$SavedState -> android.support.v4.view.ViewPager$SavedState:
    int position -> a
    android.os.Parcelable adapterState -> b
    java.lang.ClassLoader loader -> c
    android.os.Parcelable$Creator CREATOR -> CREATOR
    1224:1227:void writeToParcel(android.os.Parcel,int) -> writeToParcel
    1231:1231:java.lang.String toString() -> toString
android.support.v4.view.ViewPager$SavedState$1 -> android.support.v4.view.cd:
    1240:1240:android.support.v4.view.ViewPager$SavedState createFromParcel(android.os.Parcel,java.lang.ClassLoader) -> b
    1244:1244:android.support.v4.view.ViewPager$SavedState[] newArray(int) -> b
    1237:1237:java.lang.Object[] newArray(int) -> a
    1237:1237:java.lang.Object createFromParcel(android.os.Parcel,java.lang.ClassLoader) -> a
android.support.v4.view.ViewPager$ViewPositionComparator -> android.support.v4.view.ce:
    2868:2873:int compare(android.view.View,android.view.View) -> a
    2865:2865:int compare(java.lang.Object,java.lang.Object) -> compare